[debug] [2025-06-28T07:40:52.365Z] ----------------------------------------------------------------------
[debug] [2025-06-28T07:40:52.370Z] Command:       C:\Program Files\nodejs\node.exe C:\Users\LeeGW\AppData\Roaming\npm\node_modules\firebase-tools\lib\bin\firebase.js deploy
[debug] [2025-06-28T07:40:52.371Z] CLI Version:   14.9.0
[debug] [2025-06-28T07:40:52.371Z] Platform:      win32
[debug] [2025-06-28T07:40:52.371Z] Node Version:  v22.16.0
[debug] [2025-06-28T07:40:52.371Z] Time:          Sat Jun 28 2025 16:40:52 GMT+0900 (대한민국 표준시)
[debug] [2025-06-28T07:40:52.371Z] ----------------------------------------------------------------------
[debug] 
[debug] [2025-06-28T07:40:52.642Z] > command requires scopes: ["email","openid","https://www.googleapis.com/auth/cloudplatformprojects.readonly","https://www.googleapis.com/auth/firebase","https://www.googleapis.com/auth/cloud-platform"]
[debug] [2025-06-28T07:40:52.643Z] > authorizing via signed-in user (horangi9093@gmail.com)
[debug] [2025-06-28T07:40:52.643Z] [iam] checking project antioch-seminar for permissions ["cloudfunctions.functions.create","cloudfunctions.functions.delete","cloudfunctions.functions.get","cloudfunctions.functions.list","cloudfunctions.functions.update","cloudfunctions.operations.get","firebase.projects.get","firebasehosting.sites.update"]
[debug] [2025-06-28T07:40:52.644Z] Checked if tokens are valid: true, expires at: 1751099144635
[debug] [2025-06-28T07:40:52.644Z] Checked if tokens are valid: true, expires at: 1751099144635
[debug] [2025-06-28T07:40:52.646Z] >>> [apiv2][query] POST https://cloudresourcemanager.googleapis.com/v1/projects/antioch-seminar:testIamPermissions [none]
[debug] [2025-06-28T07:40:52.646Z] >>> [apiv2][(partial)header] POST https://cloudresourcemanager.googleapis.com/v1/projects/antioch-seminar:testIamPermissions x-goog-quota-user=projects/antioch-seminar
[debug] [2025-06-28T07:40:52.646Z] >>> [apiv2][body] POST https://cloudresourcemanager.googleapis.com/v1/projects/antioch-seminar:testIamPermissions {"permissions":["cloudfunctions.functions.create","cloudfunctions.functions.delete","cloudfunctions.functions.get","cloudfunctions.functions.list","cloudfunctions.functions.update","cloudfunctions.operations.get","firebase.projects.get","firebasehosting.sites.update"]}
[debug] [2025-06-28T07:40:56.172Z] <<< [apiv2][status] POST https://cloudresourcemanager.googleapis.com/v1/projects/antioch-seminar:testIamPermissions 200
[debug] [2025-06-28T07:40:56.173Z] <<< [apiv2][body] POST https://cloudresourcemanager.googleapis.com/v1/projects/antioch-seminar:testIamPermissions {"permissions":["cloudfunctions.functions.create","cloudfunctions.functions.delete","cloudfunctions.functions.get","cloudfunctions.functions.list","cloudfunctions.functions.update","cloudfunctions.operations.get","firebase.projects.get","firebasehosting.sites.update"]}
[debug] [2025-06-28T07:40:56.173Z] Checked if tokens are valid: true, expires at: 1751099144635
[debug] [2025-06-28T07:40:56.173Z] Checked if tokens are valid: true, expires at: 1751099144635
[debug] [2025-06-28T07:40:56.173Z] >>> [apiv2][query] POST https://iam.googleapis.com/v1/projects/antioch-seminar/serviceAccounts/antioch-seminar@appspot.gserviceaccount.com:testIamPermissions [none]
[debug] [2025-06-28T07:40:56.173Z] >>> [apiv2][body] POST https://iam.googleapis.com/v1/projects/antioch-seminar/serviceAccounts/antioch-seminar@appspot.gserviceaccount.com:testIamPermissions {"permissions":["iam.serviceAccounts.actAs"]}
[debug] [2025-06-28T07:40:57.363Z] <<< [apiv2][status] POST https://iam.googleapis.com/v1/projects/antioch-seminar/serviceAccounts/antioch-seminar@appspot.gserviceaccount.com:testIamPermissions 200
[debug] [2025-06-28T07:40:57.364Z] <<< [apiv2][body] POST https://iam.googleapis.com/v1/projects/antioch-seminar/serviceAccounts/antioch-seminar@appspot.gserviceaccount.com:testIamPermissions {"permissions":["iam.serviceAccounts.actAs"]}
[debug] [2025-06-28T07:40:57.364Z] Checked if tokens are valid: true, expires at: 1751099144635
[debug] [2025-06-28T07:40:57.365Z] Checked if tokens are valid: true, expires at: 1751099144635
[debug] [2025-06-28T07:40:57.365Z] >>> [apiv2][query] GET https://firebase.googleapis.com/v1beta1/projects/antioch-seminar [none]
[debug] [2025-06-28T07:40:58.041Z] <<< [apiv2][status] GET https://firebase.googleapis.com/v1beta1/projects/antioch-seminar 200
[debug] [2025-06-28T07:40:58.042Z] <<< [apiv2][body] GET https://firebase.googleapis.com/v1beta1/projects/antioch-seminar {"projectId":"antioch-seminar","projectNumber":"489123824617","displayName":"antioch-seminar","name":"projects/antioch-seminar","resources":{"hostingSite":"antioch-seminar"},"state":"ACTIVE","etag":"1_cf8abdd3-7401-4203-a4ff-89d989d85d9f"}
[info] 
[info] === Deploying to 'antioch-seminar'...
[info] 
[info] i  deploying functions, hosting 
[info] Running command: npm --prefix "$RESOURCE_DIR" install
[info] Running command: npm --prefix "$RESOURCE_DIR" run build
[info] +  functions: Finished running predeploy script. 
[debug] [2025-06-28T07:41:04.276Z] Checked if tokens are valid: true, expires at: 1751099144635
[debug] [2025-06-28T07:41:04.277Z] Checked if tokens are valid: true, expires at: 1751099144635
[debug] [2025-06-28T07:41:04.277Z] >>> [apiv2][query] GET https://cloudresourcemanager.googleapis.com/v1/projects/antioch-seminar [none]
[debug] [2025-06-28T07:41:07.855Z] <<< [apiv2][status] GET https://cloudresourcemanager.googleapis.com/v1/projects/antioch-seminar 200
[debug] [2025-06-28T07:41:07.855Z] <<< [apiv2][body] GET https://cloudresourcemanager.googleapis.com/v1/projects/antioch-seminar {"projectNumber":"489123824617","projectId":"antioch-seminar","lifecycleState":"ACTIVE","name":"antioch-seminar","labels":{"firebase":"enabled","firebase-core":"disabled"},"createTime":"2025-06-28T04:57:25.684858Z"}
[info] i  functions: preparing codebase default for deployment 
[info] i  functions: ensuring required API cloudfunctions.googleapis.com is enabled... 
[info] i  functions: ensuring required API cloudbuild.googleapis.com is enabled... 
[info] i  artifactregistry: ensuring required API artifactregistry.googleapis.com is enabled... 
[debug] [2025-06-28T07:41:07.859Z] Checked if tokens are valid: true, expires at: 1751099144635
[debug] [2025-06-28T07:41:07.859Z] Checked if tokens are valid: true, expires at: 1751099144635
[debug] [2025-06-28T07:41:07.859Z] >>> [apiv2][query] GET https://firebase.googleapis.com/v1beta1/projects/antioch-seminar/adminSdkConfig [none]
[debug] [2025-06-28T07:41:08.589Z] <<< [apiv2][status] GET https://firebase.googleapis.com/v1beta1/projects/antioch-seminar/adminSdkConfig 200
[debug] [2025-06-28T07:41:08.590Z] <<< [apiv2][body] GET https://firebase.googleapis.com/v1beta1/projects/antioch-seminar/adminSdkConfig {"projectId":"antioch-seminar","storageBucket":"antioch-seminar.firebasestorage.app"}
[debug] [2025-06-28T07:41:08.590Z] Checked if tokens are valid: true, expires at: 1751099144635
[debug] [2025-06-28T07:41:08.590Z] Checked if tokens are valid: true, expires at: 1751099144635
[debug] [2025-06-28T07:41:08.590Z] >>> [apiv2][query] GET https://runtimeconfig.googleapis.com/v1beta1/projects/antioch-seminar/configs [none]
[debug] [2025-06-28T07:41:09.130Z] <<< [apiv2][status] GET https://runtimeconfig.googleapis.com/v1beta1/projects/antioch-seminar/configs 200
[debug] [2025-06-28T07:41:09.130Z] <<< [apiv2][body] GET https://runtimeconfig.googleapis.com/v1beta1/projects/antioch-seminar/configs {"configs":[{"name":"projects/antioch-seminar/configs/google"},{"name":"projects/antioch-seminar/configs/sheets"}]}
[debug] [2025-06-28T07:41:09.130Z] Checked if tokens are valid: true, expires at: 1751099144635
[debug] [2025-06-28T07:41:09.130Z] Checked if tokens are valid: true, expires at: 1751099144635
[debug] [2025-06-28T07:41:09.130Z] Checked if tokens are valid: true, expires at: 1751099144635
[debug] [2025-06-28T07:41:09.130Z] Checked if tokens are valid: true, expires at: 1751099144635
[debug] [2025-06-28T07:41:09.130Z] >>> [apiv2][query] GET https://runtimeconfig.googleapis.com/v1beta1/projects/antioch-seminar/configs/google/variables [none]
[debug] [2025-06-28T07:41:09.131Z] >>> [apiv2][query] GET https://runtimeconfig.googleapis.com/v1beta1/projects/antioch-seminar/configs/sheets/variables [none]
[debug] [2025-06-28T07:41:09.459Z] <<< [apiv2][status] GET https://runtimeconfig.googleapis.com/v1beta1/projects/antioch-seminar/configs/google/variables 200
[debug] [2025-06-28T07:41:09.459Z] <<< [apiv2][body] GET https://runtimeconfig.googleapis.com/v1beta1/projects/antioch-seminar/configs/google/variables {"variables":[{"name":"projects/antioch-seminar/configs/google/variables/client_email","updateTime":"2025-06-28T05:36:14.439108763Z"},{"name":"projects/antioch-seminar/configs/google/variables/private_key","updateTime":"2025-06-28T05:36:13.887117907Z"}]}
[debug] [2025-06-28T07:41:09.460Z] Checked if tokens are valid: true, expires at: 1751099144635
[debug] [2025-06-28T07:41:09.460Z] Checked if tokens are valid: true, expires at: 1751099144635
[debug] [2025-06-28T07:41:09.460Z] Checked if tokens are valid: true, expires at: 1751099144635
[debug] [2025-06-28T07:41:09.460Z] Checked if tokens are valid: true, expires at: 1751099144635
[debug] [2025-06-28T07:41:09.460Z] >>> [apiv2][query] GET https://runtimeconfig.googleapis.com/v1beta1/projects/antioch-seminar/configs/google/variables/client_email [none]
[debug] [2025-06-28T07:41:09.461Z] >>> [apiv2][query] GET https://runtimeconfig.googleapis.com/v1beta1/projects/antioch-seminar/configs/google/variables/private_key [none]
[debug] [2025-06-28T07:41:09.659Z] <<< [apiv2][status] GET https://runtimeconfig.googleapis.com/v1beta1/projects/antioch-seminar/configs/sheets/variables 200
[debug] [2025-06-28T07:41:09.659Z] <<< [apiv2][body] GET https://runtimeconfig.googleapis.com/v1beta1/projects/antioch-seminar/configs/sheets/variables {"variables":[{"name":"projects/antioch-seminar/configs/sheets/variables/spreadsheet_id","updateTime":"2025-06-28T05:36:14.037843022Z"}]}
[debug] [2025-06-28T07:41:09.659Z] Checked if tokens are valid: true, expires at: 1751099144635
[debug] [2025-06-28T07:41:09.659Z] Checked if tokens are valid: true, expires at: 1751099144635
[debug] [2025-06-28T07:41:09.659Z] >>> [apiv2][query] GET https://runtimeconfig.googleapis.com/v1beta1/projects/antioch-seminar/configs/sheets/variables/spreadsheet_id [none]
[debug] [2025-06-28T07:41:09.799Z] <<< [apiv2][status] GET https://runtimeconfig.googleapis.com/v1beta1/projects/antioch-seminar/configs/google/variables/client_email 200
[debug] [2025-06-28T07:41:09.799Z] <<< [apiv2][body] GET https://runtimeconfig.googleapis.com/v1beta1/projects/antioch-seminar/configs/google/variables/client_email {"name":"projects/antioch-seminar/configs/google/variables/client_email","updateTime":"2025-06-28T05:36:14.439108763Z","text":"antioch-seminar@marine-cable-464016-r1.iam.gserviceaccount.com"}
[debug] [2025-06-28T07:41:09.959Z] <<< [apiv2][status] GET https://runtimeconfig.googleapis.com/v1beta1/projects/antioch-seminar/configs/google/variables/private_key 200
[debug] [2025-06-28T07:41:09.959Z] <<< [apiv2][body] GET https://runtimeconfig.googleapis.com/v1beta1/projects/antioch-seminar/configs/google/variables/private_key {"name":"projects/antioch-seminar/configs/google/variables/private_key","updateTime":"2025-06-28T05:36:13.887117907Z","text":"-----BEGIN PRIVATE KEY-----\\nMIIEvAIBADANBgkqhkiG9w0BAQEFAASCBKYwggSiAgEAAoIBAQDwA1P+JJbU3JHO\\nIO/0evYoeEEcenUaeL008biAhuKclDjvA4U1kJXqLiUaHeOFgiZC7xJ/rGpY8NQr\\npfglhKzR5N/hAr4zg6xooEIVCoed/E6/BvAOzkiuu90FTBIh1xY3L5EJbH+P5BaR\\nlDXHNSeHBQ2Dowiw3LqzYk+VbMV1csk4geAL91lXhsJ1Be8FknDiLbSuAAYn6/wV\\nXGHj6krkpyTY2YKYYh7le+iM/J284ptTezM4hjy19CGmGqhMymJMug2omfez0ajs\\n0pjGBtRG5uB9g0b8/V3mTa8JqRJKBHPqBzx9arP8R4S5118LPZhDxm4L4vOCsRnd\\nF9W0Yrr5AgMBAAECggEAGShoJfQE4WQLXn1iWZCH+977CDanzrIINyP9MG+zEjGR\\nNDB8xowUwrq6hd3LKwPk6dAwcrSKYy8/NiIL/DbHfKrOcsH8WN788+yUcKstYvh+\\n8pQSFqM1yCcF+FescOKgQAGa5M98IYOJgBH2fx6JuaPkcj9lGlDQuxvbdrCzk+dT\\nxf4uSJxJTMVtdPkdUK6iIMD/0EQ+mHlJnba7Oyp+OBTAg/ZdfXcn8E0S+qwtnSJl\\nKgebw9oicqX+zUnXbJ2Q0sxSczmmCsnpxG6pxo0PRdLi9fpYLFJp857V+uSRqDw+\\nlvhSHyMMvCG7D0xGSRhSIHFajSkGWSAYxilLBUVGPwKBgQD/hs5IExPXjrZmenQC\\nEV/D5uKc+MW2qwxd9nNteBe54y66dw4keJ9hoRKmmX+x5ra+XVH9rKAiDncffoGw\\nATuICoHQJytJV72e+WmnFUX8TS3LAUEDO5JZbHLg2p/+ubVUb+tkcM7u2kZ/dKHA\\nocsstxwu5QccpXTLRW8UIY5+rwKBgQDwdSoSNosAzdYbwRWThcx/ud4pO1P0a3S3\\nXle7BDbV2iyc0FSQm39iYGqNLq3vKQhIDHknG3h0sooz1qsvZREstxS8Jya/VjXk\\nom7hXCDBNc8Kruksm2c+T9ONqt5/eaenwFvdIz3FWYNjoJLbDIBLIv9c48IWi+d5\\na5bmHFSK1wKBgBuvwpgioQrBJthRulIjCcpTMQirF9kkDXH86yLYWVHF4OFJVxny\\ni+prJncwuJpREknsGJ8w3iTyhku+TFUCvS2PXeNs6w7GWABqq9zzvCKLRkPxvdaY\\n1NGlo4jjh2R1QMWGXu4CHxnYQr06qPATV81fhck6/ZtH/jCsNE3tGOB3AoGAOdES\\nMprmxWS4zKealoQfbb61Sli3kRedUtHealtTDAyPmY0GKFcbQ/5G4HeO3uiQ0zIc\\nl2ilh/m9/UTqmFTG0mebFrqbOHp0LutXmdxbC9nyVHFGI7GiG3t6NKAXK7OGunEo\\nJX3pxmAFlZjwdrcEygw6No2VB3LQT4OtHttFALUCgYAj9h4tVb0LUbvqaN5VHErZ\\n/9KfpIh4JN5XxGn0AWNfqp851l8W0+vrlHIz5xsSDN7p5JAlKXJL7iEkP6IVvxzI\\nsxHIXDnPp3tkU7a+5OYCzqY9Sb1vdNB3f18aRstOKPnF0j5GwcahKSxmuDe0B2Jo\\nCSPiUP/wo+vIPWZe9pumjQ==\\n-----END PRIVATE KEY-----\\n"}
[debug] [2025-06-28T07:41:09.969Z] <<< [apiv2][status] GET https://runtimeconfig.googleapis.com/v1beta1/projects/antioch-seminar/configs/sheets/variables/spreadsheet_id 200
[debug] [2025-06-28T07:41:09.969Z] <<< [apiv2][body] GET https://runtimeconfig.googleapis.com/v1beta1/projects/antioch-seminar/configs/sheets/variables/spreadsheet_id {"name":"projects/antioch-seminar/configs/sheets/variables/spreadsheet_id","updateTime":"2025-06-28T05:36:14.037843022Z","text":"1bcB7H7CmYxu2Imd1CX4SQLOmDZCm-wWrgYlAZtqiDB4"}
[debug] [2025-06-28T07:41:09.971Z] Validating nodejs source
[warn] !  functions: package.json indicates an outdated version of firebase-functions. Please upgrade using npm install --save firebase-functions@latest in your functions directory. 
[warn] !  functions: Please note that there will be breaking changes when you upgrade. 
[debug] [2025-06-28T07:41:11.721Z] > [functions] package.json contents: {
  "name": "functions",
  "scripts": {
    "build": "npm run build-ts",
    "build-ts": "tsc",
    "watch-ts": "tsc -w",
    "serve": "npm run build && firebase emulators:start --only functions",
    "shell": "npm run build && firebase functions:shell",
    "start": "npm run shell",
    "deploy": "firebase deploy --only functions",
    "logs": "firebase functions:log"
  },
  "engines": {
    "node": "20"
  },
  "main": "lib/index.js",
  "dependencies": {
    "@types/body-parser": "^1.19.6",
    "@types/dotenv": "^6.1.1",
    "body-parser": "^2.2.0",
    "cors": "^2.8.5",
    "dotenv": "^17.0.0",
    "express": "^4.18.2",
    "firebase-admin": "^12.0.0",
    "firebase-functions": "^5.1.0",
    "google-auth-library": "^9.10.0",
    "google-spreadsheet": "^4.1.1"
  },
  "devDependencies": {
    "@types/cors": "^2.8.19",
    "@types/express": "^4.17.17",
    "@types/node": "^24.0.6",
    "typescript": "^5.0.0"
  },
  "private": true
}
[debug] [2025-06-28T07:41:11.721Z] Building nodejs source
[info] i  functions: Loading and analyzing source code for codebase default to determine what to deploy 
[debug] [2025-06-28T07:41:11.722Z] Could not find functions.yaml. Must use http discovery
[debug] [2025-06-28T07:41:11.740Z] Found firebase-functions binary at 'C:\Users\LeeGW\StudioProjects\Antioch\antioch-seminar\functions\node_modules\.bin\firebase-functions'
[info] Serving at port 8087

[debug] [2025-06-28T07:41:13.266Z] Got response from /__/functions.yaml {"endpoints":{"api":{"platform":"gcfv1","availableMemoryMb":256,"timeoutSeconds":60,"minInstances":null,"maxInstances":null,"ingressSettings":null,"serviceAccountEmail":null,"vpc":null,"httpsTrigger":{},"entryPoint":"api"}},"specVersion":"v1alpha1","requiredAPIs":[],"extensions":{}}
[info] i  extensions: ensuring required API firebaseextensions.googleapis.com is enabled... 
[debug] [2025-06-28T07:41:17.309Z] > command requires scopes: ["email","openid","https://www.googleapis.com/auth/cloudplatformprojects.readonly","https://www.googleapis.com/auth/firebase","https://www.googleapis.com/auth/cloud-platform"]
[debug] [2025-06-28T07:41:17.309Z] > authorizing via signed-in user (horangi9093@gmail.com)
[debug] [2025-06-28T07:41:17.309Z] [iam] checking project antioch-seminar for permissions ["firebase.projects.get","firebaseextensions.instances.list"]
[debug] [2025-06-28T07:41:17.310Z] Checked if tokens are valid: true, expires at: 1751099144635
[debug] [2025-06-28T07:41:17.310Z] Checked if tokens are valid: true, expires at: 1751099144635
[debug] [2025-06-28T07:41:17.310Z] >>> [apiv2][query] POST https://cloudresourcemanager.googleapis.com/v1/projects/antioch-seminar:testIamPermissions [none]
[debug] [2025-06-28T07:41:17.310Z] >>> [apiv2][(partial)header] POST https://cloudresourcemanager.googleapis.com/v1/projects/antioch-seminar:testIamPermissions x-goog-quota-user=projects/antioch-seminar
[debug] [2025-06-28T07:41:17.310Z] >>> [apiv2][body] POST https://cloudresourcemanager.googleapis.com/v1/projects/antioch-seminar:testIamPermissions {"permissions":["firebase.projects.get","firebaseextensions.instances.list"]}
[debug] [2025-06-28T07:41:18.412Z] <<< [apiv2][status] POST https://cloudresourcemanager.googleapis.com/v1/projects/antioch-seminar:testIamPermissions 200
[debug] [2025-06-28T07:41:18.412Z] <<< [apiv2][body] POST https://cloudresourcemanager.googleapis.com/v1/projects/antioch-seminar:testIamPermissions {"permissions":["firebase.projects.get","firebaseextensions.instances.list"]}
[debug] [2025-06-28T07:41:18.412Z] Checked if tokens are valid: true, expires at: 1751099144635
[debug] [2025-06-28T07:41:18.413Z] Checked if tokens are valid: true, expires at: 1751099144635
[debug] [2025-06-28T07:41:18.413Z] >>> [apiv2][query] GET https://firebaseextensions.googleapis.com/v1beta/projects/antioch-seminar/instances pageSize=100&pageToken=
[debug] [2025-06-28T07:41:19.545Z] <<< [apiv2][status] GET https://firebaseextensions.googleapis.com/v1beta/projects/antioch-seminar/instances 200
[debug] [2025-06-28T07:41:19.545Z] <<< [apiv2][body] GET https://firebaseextensions.googleapis.com/v1beta/projects/antioch-seminar/instances {}
[info] i  functions: preparing functions directory for uploading... 
[info] i  functions: packaged C:\Users\LeeGW\StudioProjects\Antioch\antioch-seminar\functions (53.12 KB) for uploading 
[debug] [2025-06-28T07:41:19.658Z] Checked if tokens are valid: true, expires at: 1751099144635
[debug] [2025-06-28T07:41:19.658Z] Checked if tokens are valid: true, expires at: 1751099144635
[debug] [2025-06-28T07:41:19.658Z] >>> [apiv2][query] GET https://cloudfunctions.googleapis.com/v1/projects/antioch-seminar/locations/-/functions [none]
[debug] [2025-06-28T07:41:20.690Z] <<< [apiv2][status] GET https://cloudfunctions.googleapis.com/v1/projects/antioch-seminar/locations/-/functions 200
[debug] [2025-06-28T07:41:20.690Z] <<< [apiv2][body] GET https://cloudfunctions.googleapis.com/v1/projects/antioch-seminar/locations/-/functions {"functions":[{"name":"projects/antioch-seminar/locations/us-central1/functions/api","httpsTrigger":{"url":"https://us-central1-antioch-seminar.cloudfunctions.net/api","securityLevel":"SECURE_ALWAYS"},"status":"ACTIVE","entryPoint":"api","timeout":"60s","availableMemoryMb":256,"serviceAccountEmail":"antioch-seminar@appspot.gserviceaccount.com","updateTime":"2025-06-28T07:27:07.974Z","versionId":"5","labels":{"firebase-functions-hash":"a9739d96bb814bd7a573200bfa387cab52e39637","deployment-tool":"cli-firebase"},"sourceUploadUrl":"https://storage.googleapis.com/uploads-452184987682.us-central1.cloudfunctions.appspot.com/28a49762-4d40-4e25-aa57-7850fb0eae12.zip","environmentVariables":{"FIREBASE_CONFIG":"{\"projectId\":\"antioch-seminar\",\"storageBucket\":\"antioch-seminar.firebasestorage.app\"}","GCLOUD_PROJECT":"antioch-seminar","EVENTARC_CLOUD_EVENT_SOURCE":"projects/antioch-seminar/locations/us-central1/functions/api"},"runtime":"nodejs20","ingressSettings":"ALLOW_ALL","buildId":"34137013-a46b-4e1d-8f56-53c7741066f0","buildEnvironmentVariables":{"GOOGLE_NODE_RUN_SCRIPTS":""},"buildName":"projects/489123824617/locations/us-central1/builds/34137013-a46b-4e1d-8f56-53c7741066f0","dockerRegistry":"ARTIFACT_REGISTRY","automaticUpdatePolicy":{},"buildServiceAccount":"projects/antioch-seminar/serviceAccounts/489123824617-compute@developer.gserviceaccount.com","satisfiesPzi":true}]}
[debug] [2025-06-28T07:41:20.691Z] Checked if tokens are valid: true, expires at: 1751099144635
[debug] [2025-06-28T07:41:20.691Z] Checked if tokens are valid: true, expires at: 1751099144635
[debug] [2025-06-28T07:41:20.692Z] >>> [apiv2][query] GET https://cloudfunctions.googleapis.com/v2/projects/antioch-seminar/locations/-/functions filter=environment%3D%22GEN_2%22
[debug] [2025-06-28T07:41:22.051Z] <<< [apiv2][status] GET https://cloudfunctions.googleapis.com/v2/projects/antioch-seminar/locations/-/functions 200
[debug] [2025-06-28T07:41:22.051Z] <<< [apiv2][body] GET https://cloudfunctions.googleapis.com/v2/projects/antioch-seminar/locations/-/functions {}
[debug] [2025-06-28T07:41:22.055Z] Checked if tokens are valid: true, expires at: 1751099144635
[debug] [2025-06-28T07:41:22.055Z] Checked if tokens are valid: true, expires at: 1751099144635
[debug] [2025-06-28T07:41:22.056Z] >>> [apiv2][query] GET https://cloudresourcemanager.googleapis.com/v1/projects/antioch-seminar [none]
[debug] [2025-06-28T07:41:22.426Z] <<< [apiv2][status] GET https://cloudresourcemanager.googleapis.com/v1/projects/antioch-seminar 200
[debug] [2025-06-28T07:41:22.427Z] <<< [apiv2][body] GET https://cloudresourcemanager.googleapis.com/v1/projects/antioch-seminar {"projectNumber":"489123824617","projectId":"antioch-seminar","lifecycleState":"ACTIVE","name":"antioch-seminar","labels":{"firebase":"enabled","firebase-core":"disabled"},"createTime":"2025-06-28T04:57:25.684858Z"}
[debug] [2025-06-28T07:41:22.432Z] Checked if tokens are valid: true, expires at: 1751099144635
[debug] [2025-06-28T07:41:22.432Z] Checked if tokens are valid: true, expires at: 1751099144635
[debug] [2025-06-28T07:41:22.432Z] >>> [apiv2][query] POST https://firebasehosting.googleapis.com/v1beta1/projects/-/sites/antioch-seminar/versions [none]
[debug] [2025-06-28T07:41:22.432Z] >>> [apiv2][body] POST https://firebasehosting.googleapis.com/v1beta1/projects/-/sites/antioch-seminar/versions {"status":"CREATED","labels":{"deployment-tool":"cli-firebase"}}
[debug] [2025-06-28T07:41:24.187Z] <<< [apiv2][status] POST https://firebasehosting.googleapis.com/v1beta1/projects/-/sites/antioch-seminar/versions 200
[debug] [2025-06-28T07:41:24.187Z] <<< [apiv2][body] POST https://firebasehosting.googleapis.com/v1beta1/projects/-/sites/antioch-seminar/versions {"name":"projects/489123824617/sites/antioch-seminar/versions/86c245201059bb50","status":"CREATED","config":{},"labels":{"deployment-tool":"cli-firebase"}}
[debug] [2025-06-28T07:41:24.188Z] Checked if tokens are valid: true, expires at: 1751099144635
[debug] [2025-06-28T07:41:24.188Z] Checked if tokens are valid: true, expires at: 1751099144635
[debug] [2025-06-28T07:41:24.188Z] >>> [apiv2][query] GET https://cloudbilling.googleapis.com/v1/projects/antioch-seminar/billingInfo [none]
[debug] [2025-06-28T07:41:26.406Z] <<< [apiv2][status] GET https://cloudbilling.googleapis.com/v1/projects/antioch-seminar/billingInfo 200
[debug] [2025-06-28T07:41:26.406Z] <<< [apiv2][body] GET https://cloudbilling.googleapis.com/v1/projects/antioch-seminar/billingInfo {"name":"projects/antioch-seminar/billingInfo","projectId":"antioch-seminar","billingAccountName":"billingAccounts/01F201-083E10-36A69D","billingEnabled":true}
[debug] [2025-06-28T07:41:26.409Z] Checked if tokens are valid: true, expires at: 1751099144635
[debug] [2025-06-28T07:41:26.409Z] Checked if tokens are valid: true, expires at: 1751099144635
[debug] [2025-06-28T07:41:26.409Z] >>> [apiv2][query] POST https://cloudfunctions.googleapis.com/v1/projects/antioch-seminar/locations/us-central1/functions:generateUploadUrl [none]
[debug] [2025-06-28T07:41:26.409Z] >>> [apiv2][body] POST https://cloudfunctions.googleapis.com/v1/projects/antioch-seminar/locations/us-central1/functions:generateUploadUrl {}
[debug] [2025-06-28T07:41:28.158Z] <<< [apiv2][status] POST https://cloudfunctions.googleapis.com/v1/projects/antioch-seminar/locations/us-central1/functions:generateUploadUrl 200
[debug] [2025-06-28T07:41:28.158Z] <<< [apiv2][body] POST https://cloudfunctions.googleapis.com/v1/projects/antioch-seminar/locations/us-central1/functions:generateUploadUrl {"uploadUrl":"https://storage.googleapis.com/uploads-452184987682.us-central1.cloudfunctions.appspot.com/2d1082d6-8d37-4de0-ad29-274fa51fe5cc.zip?GoogleAccessId=service-489123824617@gcf-admin-robot.iam.gserviceaccount.com&Expires=1751098288&Signature=b2AA3CXEa%2BpDwseNMCfxpIcbLBqSYT%2FJmflKGeH0885AT9M663MD%2FCziqroGtsCSxGzr8NZwJHG%2F7oJMaq0JOP8wHA8DoHsl8cIOYcXUjRWTw%2BJWQtSWK7d0hurbUv6JIiXZeSRVRzdRX8LvZNZYzxI2y9mEqnXZNXLtB6pyy%2FW1dt6CXmYy2vs0x7m%2FF2%2BCg3SfVom5pNCWhqKFQZcKD4MiDgFXMmlJsEbPeZYyOHkAqrGp8osR0o7cZc8DvAHtc8cllrXjizBk42XJplB9ezOLLYOtDHxhJYt2yd6RB4RwLe5vV74tcxACqyDNboXiYTj5XgaiiCliysaf2p71sQ%3D%3D"}
[debug] [2025-06-28T07:41:28.160Z] >>> [apiv2][query] PUT https://storage.googleapis.com/uploads-452184987682.us-central1.cloudfunctions.appspot.com/2d1082d6-8d37-4de0-ad29-274fa51fe5cc.zip GoogleAccessId=service-489123824617%40gcf-admin-robot.iam.gserviceaccount.com&Expires=1751098288&Signature=b2AA3CXEa%2BpDwseNMCfxpIcbLBqSYT%2FJmflKGeH0885AT9M663MD%2FCziqroGtsCSxGzr8NZwJHG%2F7oJMaq0JOP8wHA8DoHsl8cIOYcXUjRWTw%2BJWQtSWK7d0hurbUv6JIiXZeSRVRzdRX8LvZNZYzxI2y9mEqnXZNXLtB6pyy%2FW1dt6CXmYy2vs0x7m%2FF2%2BCg3SfVom5pNCWhqKFQZcKD4MiDgFXMmlJsEbPeZYyOHkAqrGp8osR0o7cZc8DvAHtc8cllrXjizBk42XJplB9ezOLLYOtDHxhJYt2yd6RB4RwLe5vV74tcxACqyDNboXiYTj5XgaiiCliysaf2p71sQ%3D%3D
[debug] [2025-06-28T07:41:28.160Z] >>> [apiv2][body] PUT https://storage.googleapis.com/uploads-452184987682.us-central1.cloudfunctions.appspot.com/2d1082d6-8d37-4de0-ad29-274fa51fe5cc.zip [stream]
[debug] [2025-06-28T07:41:36.566Z] <<< [apiv2][status] PUT https://storage.googleapis.com/uploads-452184987682.us-central1.cloudfunctions.appspot.com/2d1082d6-8d37-4de0-ad29-274fa51fe5cc.zip 200
[debug] [2025-06-28T07:41:36.567Z] <<< [apiv2][body] PUT https://storage.googleapis.com/uploads-452184987682.us-central1.cloudfunctions.appspot.com/2d1082d6-8d37-4de0-ad29-274fa51fe5cc.zip [omitted]
[info] +  functions: functions folder uploaded successfully 
[info] i  hosting[antioch-seminar]: beginning deploy... 
[info] i  hosting[antioch-seminar]: found 81 files in out 
[debug] [2025-06-28T07:41:36.613Z] [hosting] uploading with 200 concurrency
[debug] [2025-06-28T07:41:36.628Z] Checked if tokens are valid: true, expires at: 1751099144635
[debug] [2025-06-28T07:41:36.628Z] Checked if tokens are valid: true, expires at: 1751099144635
[debug] [2025-06-28T07:41:36.630Z] [hosting] hash cache [b3V0] stored for 81 files
[debug] [2025-06-28T07:41:36.631Z] [hosting][hash queue][FINAL] {"max":7,"min":0,"avg":0.7681273529969312,"active":0,"complete":81,"success":81,"errored":0,"retried":0,"total":81,"elapsed":14}
[debug] [2025-06-28T07:41:36.631Z] >>> [apiv2][query] POST https://firebasehosting.googleapis.com/v1beta1/projects/489123824617/sites/antioch-seminar/versions/86c245201059bb50:populateFiles [none]
[debug] [2025-06-28T07:41:36.631Z] >>> [apiv2][body] POST https://firebasehosting.googleapis.com/v1beta1/projects/489123824617/sites/antioch-seminar/versions/86c245201059bb50:populateFiles {"files":{"/window.svg":"6bd2003bd35bb32c1c0d99ab3aeac0cc1edaefd79f27df1d954bc87184048d74","/vercel.svg":"529a1a21b4a82475a82db26173c28d7b27e2dc9d4b900eaf1c5329d96eea4ddd","/next.svg":"0665b9ab4493aa9d7e988b57024e28772ae543e804b8cf6b0a3633854b7c3c7f","/index.txt":"38c09e8cd46ff4d0eb9fa4c9fe887555bb51fd129e78970c5d52ac970f51cb99","/index.html":"7decf44efcb1db82cbadd8413d6e07b70a4817e93f8641287b72ef1338d4a3b3","/globe.svg":"6502a3e6120bf2d6e8417e7c40bb57fb8a6954de9c86d3f43076a75b60cd23a2","/file.svg":"5a09df6187e21aa9a7d05094389385876ac93c818e1dcbb77a26a8fe408bf79c","/404.html":"bec8c0c3b67d935e07d160a692f70190f3e107128cc1ccb7090688fdcbd99d7b","/_next/static/media/주최로고.ece91b94.png":"af1e33164a9a17a4cc86fd1ca0054a212ea3ed22750f1c27177bd56137c1483b","/_next/static/media/일정표.4bba0acf.png":"c2d05af1ce7930e23d17b0a23129e5cea7bf33efb0a73246a4170930257fd15e","/_next/static/media/위치마크.d17f4499.png":"0847631560ad844e08475533c91b422190c3addb0159fa707e959c07724d8af9","/_next/static/media/예시.1b5b3cdf.png":"73810dc46fb7292a3a5cf96de475d4e7dd0af476ba4091d3fe7165a7bf2fa068","/_next/static/media/서울지도.70a8bc5f.png":"0ad5c30e4a9184150c7ff3825d128b5a7eb1643649e0b0759e8bf0f1f2214b47","/_next/static/media/배경.3254c47e.png":"e06a23c5a0d7ea7f43915d73c63cd0239a29488fdfcdacacdcc7da53515a38cb","/_next/static/media/메인제목.11a5a01f.png":"5e2dbe2168cd3d2c122aa56208f594b6a99978bd620be481bc0ae3761d5a06ae","/_next/static/media/로고.0965d487.png":"f7cd4809bf1939d6e83e144f5bd11fd0d690a60f6758308854c138612be54843","/_next/static/media/글자배경2.369bec4a.png":"c918d37968066e24aaf9aad8b9ede6e23bc46594c3e32e99ba6318c7af6457e4","/_next/static/media/글자배경.3ca09617.png":"149a895b517a02d25b243b37b2b0c0bb14bdcb3fe4785287d823d1d7a5d1a95a","/_next/static/media/글자로고.e77d2057.png":"a8252b0eb0fea7b106d27c2799fc3b7527a67095a44e824601c57f896c515598","/_next/static/media/구미지도.af6c7360.png":"a22adb1075c3481c4179631b58bb80e09c38542b8c1105d5bb71f1b8c02b9f27","/_next/static/media/강사3.f784940e.png":"af0f84a0b511dad60d9ad291506b9e3d8202bf8a434b4c16b77b87c1b70f74ea","/_next/static/media/강사2.014dbaa1.png":"610dd66a2025f10e759fe50560be72d970b6cea3047393785ed7fb2c09b4c1da","/_next/static/media/강사1.afa633a9.png":"f3bb32a81a0885a3d1567b7151545f2e6c858d4315df782ec3713ab5efef2c49","/_next/static/media/OG.cf087db0.jpg":"740ee1ec22df93e097e27dd04864a9e6dd33a129dc08afa36807ae212cc66dbd","/_next/static/media/favicon.fb2e3f1c.ico":"c2edfcb76fc40bf5705d952b8c9c0a6f10d583cb760784741536abddbd739b78","/_next/static/media/e4af272ccee01ff0-s.p.woff2":"86835ac53a0e1de04820388d01b501389d5e9311509282b5e3bfbfc752754083","/_next/static/media/df0a9ae256c0569c-s.woff2":"5ef466d8ca6f4a51fa3751faea59ad2f63b15dbf9782ae4246bcadacc57f6b8f","/_next/static/media/97e0cb1ae144a2a9-s.woff2":"7f297ea688c4600e59ca6534a3f21f53bfa3f286cc0d19a35543315781951381","/_next/static/media/8e9860b6e62d6359-s.woff2":"cd2992a875e4939d47289a3cc44c8b8a0e63817f4cc9fbd8b3bdf93b5f66fbb3","/_next/static/media/581909926a08bbc8-s.woff2":"0e60a16188a2d115835bb0497cc663807ef4c951ea3033aaaa98e4e9605510e1","/_next/static/media/55c55f0601d81cf3-s.woff2":"f919b2595b36cbe21633695ac08cbc808d615f1e5e964227b64c6d398caa0332","/_next/static/media/26a46d62cd723877-s.woff2":"ae5c06e2307aad7bf8fb02467ddd2ea6d7f40ea27915c5d9667f7632db6a0dbc","/_next/static/css/90e9e2591481156c.css":"3051b3bd6b1f6457e987505ef0d6f79297b81cd21e9b672f85de8b7be820d165","/_next/static/css/650b66ee026284d5.css":"a8448a1a95fefd7eef251cb590a62e1cebb8cf3f792bd82dc3175f690a89a1bc","/_next/static/chunks/webpack-536d72fb522db184.js":"7701f7568e7dd34bd8d69a0918848018f0314604d0553eef114520a93f8f8045","/_next/static/chunks/polyfills-42372ed130431b0a.js":"18e28d3214eda45048d80d3925ea7627b809e69ad2e95f7f98459e9146a61c3d","/_next/static/chunks/main-app-ca16d655a59ca992.js":"e3bf71df56517df1e4f7fa7ad2b154c5f05150c786f86dec586fcc21872f2f18","/_next/static/chunks/main-8f2b2646bd5068be.js":"0b6b992e538b49b7da043a5fc559e2a68ab0d8e56d5394aa6abd87b5b404da19","/_next/static/chunks/framework-f593a28cde54158e.js":"c0e31b38c07fb2cac30269c70d55077e4f6a99e360e0c256f9b6f2d74adf24e4","/_next/static/chunks/748-846b82a277b6d72b.js":"310b075c1a0d9390be3490c3414acb34fd18986b2e59d741a032e6276e1f41a0","/_next/static/chunks/684-a53c3305e624e5f6.js":"5088e41880d51b482c937435e4edbd53f3d4a5dbeae0c2f41c1e953e26b1fe7c","/_next/static/chunks/4bd1b696-f19afd1ed39bfa7a.js":"90aecc9e0d4286907ebc931ea644a1e968a52cb116cfc6b414aae53e9d66a73a","/_next/static/chunks/472.a3826d29d6854395.js":"305e361c64ccf8c2f956618d58efccb54e7dfc79013eca70fe4e27abf0e2724e","/_next/static/chunks/341.df3329d77a5faa19.js":"9563f2302179d3abf33dd49b6eab6595a1cdeb7d581ca034be150957a06529e3","/_next/static/chunks/pages/_error-71d2b6a7b832d02a.js":"36785219d9c2deae036e57c6807546fe7d1e5152565ab15ac68edd304c8e02dc","/_next/static/chunks/pages/_app-92f2aae776f86b9c.js":"f7ae3774eb08a03f3e0162b5074ae3e767bd46332f84cb20bca3ab1aa1f72eaf","/_next/static/chunks/app/page-4a9205c3db68171b.js":"db5f82c2a7a69617b385f7b8da35dc8862981a43a89b9ae84ae4177a60cb9eac","/_next/static/chunks/app/layout-e1853b1f7bb7906f.js":"16a66b669f55330523f3ef82d5f8e6281f1b6d5e66d3cb9c7df770c5fd235254","/_next/static/chunks/app/_not-found/page-6bf1735bae9e04ee.js":"57699909ca93875b9d5a282c5aa1b0771ed6bd28a90c5cdbe75525f721f28b87","/_next/static/chunks/app/api/submit/route-332d8c1d0a0410f5.js":"11a621d77f1ddab587e4eba32299f6b36f040230d5fbe99c3850c3e2e9271da2","/_next/static/chunks/app/api/check/route-e1f88cc5dc40c3aa.js":"11a621d77f1ddab587e4eba32299f6b36f040230d5fbe99c3850c3e2e9271da2","/_next/static/5Vl_5PuwfzBhngD6C9Xm6/_ssgManifest.js":"dc28a4dc92fe352ed5d2201bd3972ce47691bc8e89e0400a68d1541d0567c6d5","/_next/static/5Vl_5PuwfzBhngD6C9Xm6/_buildManifest.js":"592c7cadf6f21b78ea0c11cbc8f3afb4da7677a3cb792b6d16f6ed2db48e3691","/images/주최로고.png":"af1e33164a9a17a4cc86fd1ca0054a212ea3ed22750f1c27177bd56137c1483b","/images/일정표.png":"c2d05af1ce7930e23d17b0a23129e5cea7bf33efb0a73246a4170930257fd15e","/images/위치마크.png":"0847631560ad844e08475533c91b422190c3addb0159fa707e959c07724d8af9","/images/예시.png":"73810dc46fb7292a3a5cf96de475d4e7dd0af476ba4091d3fe7165a7bf2fa068","/images/아이콘.png":"3861fe51bf7a1bbfec6d14bab7600671399b773f476d586f7758291b1dd8313b","/images/서울지도.png":"0ad5c30e4a9184150c7ff3825d128b5a7eb1643649e0b0759e8bf0f1f2214b47","/images/배경.png":"e06a23c5a0d7ea7f43915d73c63cd0239a29488fdfcdacacdcc7da53515a38cb","/images/메인제목.png":"5e2dbe2168cd3d2c122aa56208f594b6a99978bd620be481bc0ae3761d5a06ae","/images/로고.png":"f7cd4809bf1939d6e83e144f5bd11fd0d690a60f6758308854c138612be54843","/images/글자배경2.png":"c918d37968066e24aaf9aad8b9ede6e23bc46594c3e32e99ba6318c7af6457e4","/images/글자배경.png":"149a895b517a02d25b243b37b2b0c0bb14bdcb3fe4785287d823d1d7a5d1a95a","/images/글자로고.png":"a8252b0eb0fea7b106d27c2799fc3b7527a67095a44e824601c57f896c515598","/images/구미지도.png":"a22adb1075c3481c4179631b58bb80e09c38542b8c1105d5bb71f1b8c02b9f27","/images/강사3.png":"af0f84a0b511dad60d9ad291506b9e3d8202bf8a434b4c16b77b87c1b70f74ea","/images/강사2.png":"610dd66a2025f10e759fe50560be72d970b6cea3047393785ed7fb2c09b4c1da","/images/강사1.png":"f3bb32a81a0885a3d1567b7151545f2e6c858d4315df782ec3713ab5efef2c49","/images/강사.png":"b681c57ef99efdfa25aabcf63775fb6d72ad7d48b05876379b512b98f6458908","/images/OG.jpg":"740ee1ec22df93e097e27dd04864a9e6dd33a129dc08afa36807ae212cc66dbd","/images/favicon.ico":"c2edfcb76fc40bf5705d952b8c9c0a6f10d583cb760784741536abddbd739b78","/fonts/Pretendard-Thin.woff2":"3078e841bd3ce8667117820299bace1d28db0d5b066b9505c973e97d1a942b60","/fonts/Pretendard-SemiBold.woff2":"cd47fa1e40aeab4c22a7526122ecfc78d22c90828f87d244d4fe49bc43ebd820","/fonts/Pretendard-Regular.woff2":"7fe3c42636043f746c5af2091ea84368d10b42807847f4528b2c8cd7ec877218","/fonts/Pretendard-Medium.woff2":"f6189f3361e7f4bc89e5af9b1ed99c33697491c418d779322c5c4d4e934a1e5d","/fonts/Pretendard-Light.woff2":"bf4aa10939914c5a975952e950c26d29f29667bd6f131b8890a0733727362ca8","/fonts/Pretendard-ExtraLight.woff2":"29466d4a74a797d0255033b0ed67df507f6fcafe46a5335dae2f252b7338e9b9","/fonts/Pretendard-ExtraBold.woff2":"0cfaf0bb4d3a5d53a663b93751a38f034e57a56c94145af1a8e89fe7c7b7258b","/fonts/Pretendard-Bold.woff2":"d72988f61c5f5d43bbab02bc13d3ce35845df14b743e2aea24eb9904d055f5de","/fonts/Pretendard-Black.woff2":"e16bd8b8448031cb0421fea280d47cb8292f186bc8c5497c64035532a9afe93c"}}
[debug] [2025-06-28T07:41:38.042Z] <<< [apiv2][status] POST https://firebasehosting.googleapis.com/v1beta1/projects/489123824617/sites/antioch-seminar/versions/86c245201059bb50:populateFiles 200
[debug] [2025-06-28T07:41:38.043Z] <<< [apiv2][body] POST https://firebasehosting.googleapis.com/v1beta1/projects/489123824617/sites/antioch-seminar/versions/86c245201059bb50:populateFiles {"uploadUrl":"https://upload-firebasehosting.googleapis.com/upload/sites/antioch-seminar/versions/86c245201059bb50/files"}
[debug] [2025-06-28T07:41:38.043Z] [hosting][populate queue][FINAL] {"max":1415,"min":1415,"avg":1415,"active":0,"complete":1,"success":1,"errored":0,"retried":0,"total":1,"elapsed":1415}
[debug] [2025-06-28T07:41:38.043Z] [hosting] uploads queued: 0
[debug] [2025-06-28T07:41:38.043Z] [hosting][upload queue][FINAL] {"max":0,"min":9999999999,"avg":0,"active":0,"complete":0,"success":0,"errored":0,"retried":0,"total":0,"elapsed":1751096498043}
[info] +  hosting[antioch-seminar]: file upload complete 
[debug] [2025-06-28T07:41:38.044Z] [hosting] deploy completed after 1473ms
[info] i  functions: updating Node.js 20 (1st Gen) function api(us-central1)... 
[debug] [2025-06-28T07:41:38.048Z] Checked if tokens are valid: true, expires at: 1751099144635
[debug] [2025-06-28T07:41:38.049Z] Checked if tokens are valid: true, expires at: 1751099144635
[debug] [2025-06-28T07:41:38.049Z] >>> [apiv2][query] PATCH https://cloudfunctions.googleapis.com/v1/projects/antioch-seminar/locations/us-central1/functions/api updateMask=name%2CsourceUploadUrl%2CentryPoint%2Cruntime%2CdockerRegistry%2Clabels%2ChttpsTrigger.securityLevel%2CminInstances%2CmaxInstances%2CingressSettings%2CenvironmentVariables%2CserviceAccountEmail%2CavailableMemoryMb%2Ctimeout%2CvpcConnector%2CvpcConnectorEgressSettings%2CsourceToken%2CbuildEnvironmentVariables
[debug] [2025-06-28T07:41:38.049Z] >>> [apiv2][body] PATCH https://cloudfunctions.googleapis.com/v1/projects/antioch-seminar/locations/us-central1/functions/api {"name":"projects/antioch-seminar/locations/us-central1/functions/api","sourceUploadUrl":"https://storage.googleapis.com/uploads-452184987682.us-central1.cloudfunctions.appspot.com/2d1082d6-8d37-4de0-ad29-274fa51fe5cc.zip?GoogleAccessId=service-489123824617@gcf-admin-robot.iam.gserviceaccount.com&Expires=1751098288&Signature=b2AA3CXEa%2BpDwseNMCfxpIcbLBqSYT%2FJmflKGeH0885AT9M663MD%2FCziqroGtsCSxGzr8NZwJHG%2F7oJMaq0JOP8wHA8DoHsl8cIOYcXUjRWTw%2BJWQtSWK7d0hurbUv6JIiXZeSRVRzdRX8LvZNZYzxI2y9mEqnXZNXLtB6pyy%2FW1dt6CXmYy2vs0x7m%2FF2%2BCg3SfVom5pNCWhqKFQZcKD4MiDgFXMmlJsEbPeZYyOHkAqrGp8osR0o7cZc8DvAHtc8cllrXjizBk42XJplB9ezOLLYOtDHxhJYt2yd6RB4RwLe5vV74tcxACqyDNboXiYTj5XgaiiCliysaf2p71sQ%3D%3D","entryPoint":"api","runtime":"nodejs20","dockerRegistry":"ARTIFACT_REGISTRY","labels":{"deployment-tool":"cli-firebase","firebase-functions-hash":"1ce288cd8fa6f0ec87b430e3525cb65243889472"},"httpsTrigger":{"securityLevel":"SECURE_ALWAYS"},"minInstances":null,"maxInstances":null,"ingressSettings":null,"environmentVariables":{"FIREBASE_CONFIG":"{\"projectId\":\"antioch-seminar\",\"storageBucket\":\"antioch-seminar.firebasestorage.app\"}","GCLOUD_PROJECT":"antioch-seminar","EVENTARC_CLOUD_EVENT_SOURCE":"projects/antioch-seminar/locations/us-central1/functions/api"},"serviceAccountEmail":null,"availableMemoryMb":256,"timeout":"60s","vpcConnector":null,"vpcConnectorEgressSettings":null,"buildEnvironmentVariables":{"GOOGLE_NODE_RUN_SCRIPTS":""}}
[debug] [2025-06-28T07:41:40.642Z] <<< [apiv2][status] PATCH https://cloudfunctions.googleapis.com/v1/projects/antioch-seminar/locations/us-central1/functions/api 200
[debug] [2025-06-28T07:41:40.642Z] <<< [apiv2][body] PATCH https://cloudfunctions.googleapis.com/v1/projects/antioch-seminar/locations/us-central1/functions/api {"name":"operations/YW50aW9jaC1zZW1pbmFyL3VzLWNlbnRyYWwxL2FwaS80QS1wQlNaMzNCYw","metadata":{"@type":"type.googleapis.com/google.cloud.functions.v1.OperationMetadataV1","target":"projects/antioch-seminar/locations/us-central1/functions/api","type":"UPDATE_FUNCTION","request":{"@type":"type.googleapis.com/google.cloud.functions.v1.CloudFunction","name":"projects/antioch-seminar/locations/us-central1/functions/api","httpsTrigger":{"url":"https://us-central1-antioch-seminar.cloudfunctions.net/api","securityLevel":"SECURE_ALWAYS"},"status":"ACTIVE","entryPoint":"api","timeout":"60s","availableMemoryMb":256,"updateTime":"2025-06-28T07:27:07.974Z","versionId":"5","labels":{"deployment-tool":"cli-firebase","firebase-functions-hash":"1ce288cd8fa6f0ec87b430e3525cb65243889472"},"sourceUploadUrl":"https://storage.googleapis.com/uploads-452184987682.us-central1.cloudfunctions.appspot.com/2d1082d6-8d37-4de0-ad29-274fa51fe5cc.zip?GoogleAccessId=service-489123824617@gcf-admin-robot.iam.gserviceaccount.com&Expires=1751098288&Signature=b2AA3CXEa%2BpDwseNMCfxpIcbLBqSYT%2FJmflKGeH0885AT9M663MD%2FCziqroGtsCSxGzr8NZwJHG%2F7oJMaq0JOP8wHA8DoHsl8cIOYcXUjRWTw%2BJWQtSWK7d0hurbUv6JIiXZeSRVRzdRX8LvZNZYzxI2y9mEqnXZNXLtB6pyy%2FW1dt6CXmYy2vs0x7m%2FF2%2BCg3SfVom5pNCWhqKFQZcKD4MiDgFXMmlJsEbPeZYyOHkAqrGp8osR0o7cZc8DvAHtc8cllrXjizBk42XJplB9ezOLLYOtDHxhJYt2yd6RB4RwLe5vV74tcxACqyDNboXiYTj5XgaiiCliysaf2p71sQ%3D%3D","environmentVariables":{"FIREBASE_CONFIG":"{\"projectId\":\"antioch-seminar\",\"storageBucket\":\"antioch-seminar.firebasestorage.app\"}","GCLOUD_PROJECT":"antioch-seminar","EVENTARC_CLOUD_EVENT_SOURCE":"projects/antioch-seminar/locations/us-central1/functions/api"},"runtime":"nodejs20","buildId":"34137013-a46b-4e1d-8f56-53c7741066f0","buildEnvironmentVariables":{"GOOGLE_NODE_RUN_SCRIPTS":""},"buildName":"projects/489123824617/locations/us-central1/builds/34137013-a46b-4e1d-8f56-53c7741066f0","dockerRegistry":"ARTIFACT_REGISTRY","automaticUpdatePolicy":{},"buildServiceAccount":"projects/antioch-seminar/serviceAccounts/489123824617-compute@developer.gserviceaccount.com"},"versionId":"6","updateTime":"2025-06-28T07:41:40Z"}}
[debug] [2025-06-28T07:41:40.643Z] Checked if tokens are valid: true, expires at: 1751099144635
[debug] [2025-06-28T07:41:40.643Z] Checked if tokens are valid: true, expires at: 1751099144635
[debug] [2025-06-28T07:41:40.644Z] >>> [apiv2][query] GET https://cloudfunctions.googleapis.com/v1/operations/YW50aW9jaC1zZW1pbmFyL3VzLWNlbnRyYWwxL2FwaS80QS1wQlNaMzNCYw [none]
[debug] [2025-06-28T07:41:44.395Z] <<< [apiv2][status] GET https://cloudfunctions.googleapis.com/v1/operations/YW50aW9jaC1zZW1pbmFyL3VzLWNlbnRyYWwxL2FwaS80QS1wQlNaMzNCYw 200
[debug] [2025-06-28T07:41:44.395Z] <<< [apiv2][body] GET https://cloudfunctions.googleapis.com/v1/operations/YW50aW9jaC1zZW1pbmFyL3VzLWNlbnRyYWwxL2FwaS80QS1wQlNaMzNCYw {"name":"operations/YW50aW9jaC1zZW1pbmFyL3VzLWNlbnRyYWwxL2FwaS80QS1wQlNaMzNCYw","metadata":{"@type":"type.googleapis.com/google.cloud.functions.v1.OperationMetadataV1","target":"projects/antioch-seminar/locations/us-central1/functions/api","type":"UPDATE_FUNCTION","request":{"@type":"type.googleapis.com/google.cloud.functions.v1.CloudFunction","name":"projects/antioch-seminar/locations/us-central1/functions/api","httpsTrigger":{"url":"https://us-central1-antioch-seminar.cloudfunctions.net/api","securityLevel":"SECURE_ALWAYS"},"status":"ACTIVE","entryPoint":"api","timeout":"60s","availableMemoryMb":256,"updateTime":"2025-06-28T07:27:07.974Z","versionId":"5","labels":{"deployment-tool":"cli-firebase","firebase-functions-hash":"1ce288cd8fa6f0ec87b430e3525cb65243889472"},"sourceUploadUrl":"https://storage.googleapis.com/uploads-452184987682.us-central1.cloudfunctions.appspot.com/2d1082d6-8d37-4de0-ad29-274fa51fe5cc.zip?GoogleAccessId=service-489123824617@gcf-admin-robot.iam.gserviceaccount.com&Expires=1751098288&Signature=b2AA3CXEa%2BpDwseNMCfxpIcbLBqSYT%2FJmflKGeH0885AT9M663MD%2FCziqroGtsCSxGzr8NZwJHG%2F7oJMaq0JOP8wHA8DoHsl8cIOYcXUjRWTw%2BJWQtSWK7d0hurbUv6JIiXZeSRVRzdRX8LvZNZYzxI2y9mEqnXZNXLtB6pyy%2FW1dt6CXmYy2vs0x7m%2FF2%2BCg3SfVom5pNCWhqKFQZcKD4MiDgFXMmlJsEbPeZYyOHkAqrGp8osR0o7cZc8DvAHtc8cllrXjizBk42XJplB9ezOLLYOtDHxhJYt2yd6RB4RwLe5vV74tcxACqyDNboXiYTj5XgaiiCliysaf2p71sQ%3D%3D","environmentVariables":{"FIREBASE_CONFIG":"{\"projectId\":\"antioch-seminar\",\"storageBucket\":\"antioch-seminar.firebasestorage.app\"}","GCLOUD_PROJECT":"antioch-seminar","EVENTARC_CLOUD_EVENT_SOURCE":"projects/antioch-seminar/locations/us-central1/functions/api"},"runtime":"nodejs20","buildId":"34137013-a46b-4e1d-8f56-53c7741066f0","buildEnvironmentVariables":{"GOOGLE_NODE_RUN_SCRIPTS":""},"buildName":"projects/489123824617/locations/us-central1/builds/34137013-a46b-4e1d-8f56-53c7741066f0","dockerRegistry":"ARTIFACT_REGISTRY","automaticUpdatePolicy":{},"buildServiceAccount":"projects/antioch-seminar/serviceAccounts/489123824617-compute@developer.gserviceaccount.com"},"versionId":"6","updateTime":"2025-06-28T07:41:40Z","buildId":"3b471f68-d902-45d6-b737-a2428171994f","buildName":"projects/489123824617/locations/us-central1/builds/3b471f68-d902-45d6-b737-a2428171994f"}}
[debug] [2025-06-28T07:41:44.905Z] [update-default-us-central1-api] Retrying task index 0
[debug] [2025-06-28T07:41:44.905Z] Checked if tokens are valid: true, expires at: 1751099144635
[debug] [2025-06-28T07:41:44.905Z] Checked if tokens are valid: true, expires at: 1751099144635
[debug] [2025-06-28T07:41:44.905Z] >>> [apiv2][query] GET https://cloudfunctions.googleapis.com/v1/operations/YW50aW9jaC1zZW1pbmFyL3VzLWNlbnRyYWwxL2FwaS80QS1wQlNaMzNCYw [none]
[debug] [2025-06-28T07:41:45.665Z] <<< [apiv2][status] GET https://cloudfunctions.googleapis.com/v1/operations/YW50aW9jaC1zZW1pbmFyL3VzLWNlbnRyYWwxL2FwaS80QS1wQlNaMzNCYw 200
[debug] [2025-06-28T07:41:45.665Z] <<< [apiv2][body] GET https://cloudfunctions.googleapis.com/v1/operations/YW50aW9jaC1zZW1pbmFyL3VzLWNlbnRyYWwxL2FwaS80QS1wQlNaMzNCYw {"name":"operations/YW50aW9jaC1zZW1pbmFyL3VzLWNlbnRyYWwxL2FwaS80QS1wQlNaMzNCYw","metadata":{"@type":"type.googleapis.com/google.cloud.functions.v1.OperationMetadataV1","target":"projects/antioch-seminar/locations/us-central1/functions/api","type":"UPDATE_FUNCTION","request":{"@type":"type.googleapis.com/google.cloud.functions.v1.CloudFunction","name":"projects/antioch-seminar/locations/us-central1/functions/api","httpsTrigger":{"url":"https://us-central1-antioch-seminar.cloudfunctions.net/api","securityLevel":"SECURE_ALWAYS"},"status":"ACTIVE","entryPoint":"api","timeout":"60s","availableMemoryMb":256,"updateTime":"2025-06-28T07:27:07.974Z","versionId":"5","labels":{"deployment-tool":"cli-firebase","firebase-functions-hash":"1ce288cd8fa6f0ec87b430e3525cb65243889472"},"sourceUploadUrl":"https://storage.googleapis.com/uploads-452184987682.us-central1.cloudfunctions.appspot.com/2d1082d6-8d37-4de0-ad29-274fa51fe5cc.zip?GoogleAccessId=service-489123824617@gcf-admin-robot.iam.gserviceaccount.com&Expires=1751098288&Signature=b2AA3CXEa%2BpDwseNMCfxpIcbLBqSYT%2FJmflKGeH0885AT9M663MD%2FCziqroGtsCSxGzr8NZwJHG%2F7oJMaq0JOP8wHA8DoHsl8cIOYcXUjRWTw%2BJWQtSWK7d0hurbUv6JIiXZeSRVRzdRX8LvZNZYzxI2y9mEqnXZNXLtB6pyy%2FW1dt6CXmYy2vs0x7m%2FF2%2BCg3SfVom5pNCWhqKFQZcKD4MiDgFXMmlJsEbPeZYyOHkAqrGp8osR0o7cZc8DvAHtc8cllrXjizBk42XJplB9ezOLLYOtDHxhJYt2yd6RB4RwLe5vV74tcxACqyDNboXiYTj5XgaiiCliysaf2p71sQ%3D%3D","environmentVariables":{"FIREBASE_CONFIG":"{\"projectId\":\"antioch-seminar\",\"storageBucket\":\"antioch-seminar.firebasestorage.app\"}","GCLOUD_PROJECT":"antioch-seminar","EVENTARC_CLOUD_EVENT_SOURCE":"projects/antioch-seminar/locations/us-central1/functions/api"},"runtime":"nodejs20","buildId":"34137013-a46b-4e1d-8f56-53c7741066f0","buildEnvironmentVariables":{"GOOGLE_NODE_RUN_SCRIPTS":""},"buildName":"projects/489123824617/locations/us-central1/builds/34137013-a46b-4e1d-8f56-53c7741066f0","dockerRegistry":"ARTIFACT_REGISTRY","automaticUpdatePolicy":{},"buildServiceAccount":"projects/antioch-seminar/serviceAccounts/489123824617-compute@developer.gserviceaccount.com"},"versionId":"6","updateTime":"2025-06-28T07:41:40Z","buildId":"3b471f68-d902-45d6-b737-a2428171994f","buildName":"projects/489123824617/locations/us-central1/builds/3b471f68-d902-45d6-b737-a2428171994f"}}
[debug] [2025-06-28T07:41:46.670Z] [update-default-us-central1-api] Retrying task index 0
[debug] [2025-06-28T07:41:46.671Z] Checked if tokens are valid: true, expires at: 1751099144635
[debug] [2025-06-28T07:41:46.672Z] Checked if tokens are valid: true, expires at: 1751099144635
[debug] [2025-06-28T07:41:46.672Z] >>> [apiv2][query] GET https://cloudfunctions.googleapis.com/v1/operations/YW50aW9jaC1zZW1pbmFyL3VzLWNlbnRyYWwxL2FwaS80QS1wQlNaMzNCYw [none]
[debug] [2025-06-28T07:41:47.239Z] <<< [apiv2][status] GET https://cloudfunctions.googleapis.com/v1/operations/YW50aW9jaC1zZW1pbmFyL3VzLWNlbnRyYWwxL2FwaS80QS1wQlNaMzNCYw 200
[debug] [2025-06-28T07:41:47.240Z] <<< [apiv2][body] GET https://cloudfunctions.googleapis.com/v1/operations/YW50aW9jaC1zZW1pbmFyL3VzLWNlbnRyYWwxL2FwaS80QS1wQlNaMzNCYw {"name":"operations/YW50aW9jaC1zZW1pbmFyL3VzLWNlbnRyYWwxL2FwaS80QS1wQlNaMzNCYw","metadata":{"@type":"type.googleapis.com/google.cloud.functions.v1.OperationMetadataV1","target":"projects/antioch-seminar/locations/us-central1/functions/api","type":"UPDATE_FUNCTION","request":{"@type":"type.googleapis.com/google.cloud.functions.v1.CloudFunction","name":"projects/antioch-seminar/locations/us-central1/functions/api","httpsTrigger":{"url":"https://us-central1-antioch-seminar.cloudfunctions.net/api","securityLevel":"SECURE_ALWAYS"},"status":"ACTIVE","entryPoint":"api","timeout":"60s","availableMemoryMb":256,"updateTime":"2025-06-28T07:27:07.974Z","versionId":"5","labels":{"deployment-tool":"cli-firebase","firebase-functions-hash":"1ce288cd8fa6f0ec87b430e3525cb65243889472"},"sourceUploadUrl":"https://storage.googleapis.com/uploads-452184987682.us-central1.cloudfunctions.appspot.com/2d1082d6-8d37-4de0-ad29-274fa51fe5cc.zip?GoogleAccessId=service-489123824617@gcf-admin-robot.iam.gserviceaccount.com&Expires=1751098288&Signature=b2AA3CXEa%2BpDwseNMCfxpIcbLBqSYT%2FJmflKGeH0885AT9M663MD%2FCziqroGtsCSxGzr8NZwJHG%2F7oJMaq0JOP8wHA8DoHsl8cIOYcXUjRWTw%2BJWQtSWK7d0hurbUv6JIiXZeSRVRzdRX8LvZNZYzxI2y9mEqnXZNXLtB6pyy%2FW1dt6CXmYy2vs0x7m%2FF2%2BCg3SfVom5pNCWhqKFQZcKD4MiDgFXMmlJsEbPeZYyOHkAqrGp8osR0o7cZc8DvAHtc8cllrXjizBk42XJplB9ezOLLYOtDHxhJYt2yd6RB4RwLe5vV74tcxACqyDNboXiYTj5XgaiiCliysaf2p71sQ%3D%3D","environmentVariables":{"FIREBASE_CONFIG":"{\"projectId\":\"antioch-seminar\",\"storageBucket\":\"antioch-seminar.firebasestorage.app\"}","GCLOUD_PROJECT":"antioch-seminar","EVENTARC_CLOUD_EVENT_SOURCE":"projects/antioch-seminar/locations/us-central1/functions/api"},"runtime":"nodejs20","buildId":"34137013-a46b-4e1d-8f56-53c7741066f0","buildEnvironmentVariables":{"GOOGLE_NODE_RUN_SCRIPTS":""},"buildName":"projects/489123824617/locations/us-central1/builds/34137013-a46b-4e1d-8f56-53c7741066f0","dockerRegistry":"ARTIFACT_REGISTRY","automaticUpdatePolicy":{},"buildServiceAccount":"projects/antioch-seminar/serviceAccounts/489123824617-compute@developer.gserviceaccount.com"},"versionId":"6","updateTime":"2025-06-28T07:41:40Z","buildId":"3b471f68-d902-45d6-b737-a2428171994f","buildName":"projects/489123824617/locations/us-central1/builds/3b471f68-d902-45d6-b737-a2428171994f"}}
[debug] [2025-06-28T07:41:49.269Z] [update-default-us-central1-api] Retrying task index 0
[debug] [2025-06-28T07:41:49.269Z] Checked if tokens are valid: true, expires at: 1751099144635
[debug] [2025-06-28T07:41:49.269Z] Checked if tokens are valid: true, expires at: 1751099144635
[debug] [2025-06-28T07:41:49.270Z] >>> [apiv2][query] GET https://cloudfunctions.googleapis.com/v1/operations/YW50aW9jaC1zZW1pbmFyL3VzLWNlbnRyYWwxL2FwaS80QS1wQlNaMzNCYw [none]
[debug] [2025-06-28T07:41:49.723Z] <<< [apiv2][status] GET https://cloudfunctions.googleapis.com/v1/operations/YW50aW9jaC1zZW1pbmFyL3VzLWNlbnRyYWwxL2FwaS80QS1wQlNaMzNCYw 200
[debug] [2025-06-28T07:41:49.723Z] <<< [apiv2][body] GET https://cloudfunctions.googleapis.com/v1/operations/YW50aW9jaC1zZW1pbmFyL3VzLWNlbnRyYWwxL2FwaS80QS1wQlNaMzNCYw {"name":"operations/YW50aW9jaC1zZW1pbmFyL3VzLWNlbnRyYWwxL2FwaS80QS1wQlNaMzNCYw","metadata":{"@type":"type.googleapis.com/google.cloud.functions.v1.OperationMetadataV1","target":"projects/antioch-seminar/locations/us-central1/functions/api","type":"UPDATE_FUNCTION","request":{"@type":"type.googleapis.com/google.cloud.functions.v1.CloudFunction","name":"projects/antioch-seminar/locations/us-central1/functions/api","httpsTrigger":{"url":"https://us-central1-antioch-seminar.cloudfunctions.net/api","securityLevel":"SECURE_ALWAYS"},"status":"ACTIVE","entryPoint":"api","timeout":"60s","availableMemoryMb":256,"updateTime":"2025-06-28T07:27:07.974Z","versionId":"5","labels":{"deployment-tool":"cli-firebase","firebase-functions-hash":"1ce288cd8fa6f0ec87b430e3525cb65243889472"},"sourceUploadUrl":"https://storage.googleapis.com/uploads-452184987682.us-central1.cloudfunctions.appspot.com/2d1082d6-8d37-4de0-ad29-274fa51fe5cc.zip?GoogleAccessId=service-489123824617@gcf-admin-robot.iam.gserviceaccount.com&Expires=1751098288&Signature=b2AA3CXEa%2BpDwseNMCfxpIcbLBqSYT%2FJmflKGeH0885AT9M663MD%2FCziqroGtsCSxGzr8NZwJHG%2F7oJMaq0JOP8wHA8DoHsl8cIOYcXUjRWTw%2BJWQtSWK7d0hurbUv6JIiXZeSRVRzdRX8LvZNZYzxI2y9mEqnXZNXLtB6pyy%2FW1dt6CXmYy2vs0x7m%2FF2%2BCg3SfVom5pNCWhqKFQZcKD4MiDgFXMmlJsEbPeZYyOHkAqrGp8osR0o7cZc8DvAHtc8cllrXjizBk42XJplB9ezOLLYOtDHxhJYt2yd6RB4RwLe5vV74tcxACqyDNboXiYTj5XgaiiCliysaf2p71sQ%3D%3D","environmentVariables":{"FIREBASE_CONFIG":"{\"projectId\":\"antioch-seminar\",\"storageBucket\":\"antioch-seminar.firebasestorage.app\"}","GCLOUD_PROJECT":"antioch-seminar","EVENTARC_CLOUD_EVENT_SOURCE":"projects/antioch-seminar/locations/us-central1/functions/api"},"runtime":"nodejs20","buildId":"34137013-a46b-4e1d-8f56-53c7741066f0","buildEnvironmentVariables":{"GOOGLE_NODE_RUN_SCRIPTS":""},"buildName":"projects/489123824617/locations/us-central1/builds/34137013-a46b-4e1d-8f56-53c7741066f0","dockerRegistry":"ARTIFACT_REGISTRY","automaticUpdatePolicy":{},"buildServiceAccount":"projects/antioch-seminar/serviceAccounts/489123824617-compute@developer.gserviceaccount.com"},"versionId":"6","updateTime":"2025-06-28T07:41:40Z","buildId":"3b471f68-d902-45d6-b737-a2428171994f","buildName":"projects/489123824617/locations/us-central1/builds/3b471f68-d902-45d6-b737-a2428171994f"}}
[debug] [2025-06-28T07:41:53.732Z] [update-default-us-central1-api] Retrying task index 0
[debug] [2025-06-28T07:41:53.732Z] Checked if tokens are valid: true, expires at: 1751099144635
[debug] [2025-06-28T07:41:53.732Z] Checked if tokens are valid: true, expires at: 1751099144635
[debug] [2025-06-28T07:41:53.733Z] >>> [apiv2][query] GET https://cloudfunctions.googleapis.com/v1/operations/YW50aW9jaC1zZW1pbmFyL3VzLWNlbnRyYWwxL2FwaS80QS1wQlNaMzNCYw [none]
[debug] [2025-06-28T07:41:54.298Z] <<< [apiv2][status] GET https://cloudfunctions.googleapis.com/v1/operations/YW50aW9jaC1zZW1pbmFyL3VzLWNlbnRyYWwxL2FwaS80QS1wQlNaMzNCYw 200
[debug] [2025-06-28T07:41:54.298Z] <<< [apiv2][body] GET https://cloudfunctions.googleapis.com/v1/operations/YW50aW9jaC1zZW1pbmFyL3VzLWNlbnRyYWwxL2FwaS80QS1wQlNaMzNCYw {"name":"operations/YW50aW9jaC1zZW1pbmFyL3VzLWNlbnRyYWwxL2FwaS80QS1wQlNaMzNCYw","metadata":{"@type":"type.googleapis.com/google.cloud.functions.v1.OperationMetadataV1","target":"projects/antioch-seminar/locations/us-central1/functions/api","type":"UPDATE_FUNCTION","request":{"@type":"type.googleapis.com/google.cloud.functions.v1.CloudFunction","name":"projects/antioch-seminar/locations/us-central1/functions/api","httpsTrigger":{"url":"https://us-central1-antioch-seminar.cloudfunctions.net/api","securityLevel":"SECURE_ALWAYS"},"status":"ACTIVE","entryPoint":"api","timeout":"60s","availableMemoryMb":256,"updateTime":"2025-06-28T07:27:07.974Z","versionId":"5","labels":{"deployment-tool":"cli-firebase","firebase-functions-hash":"1ce288cd8fa6f0ec87b430e3525cb65243889472"},"sourceUploadUrl":"https://storage.googleapis.com/uploads-452184987682.us-central1.cloudfunctions.appspot.com/2d1082d6-8d37-4de0-ad29-274fa51fe5cc.zip?GoogleAccessId=service-489123824617@gcf-admin-robot.iam.gserviceaccount.com&Expires=1751098288&Signature=b2AA3CXEa%2BpDwseNMCfxpIcbLBqSYT%2FJmflKGeH0885AT9M663MD%2FCziqroGtsCSxGzr8NZwJHG%2F7oJMaq0JOP8wHA8DoHsl8cIOYcXUjRWTw%2BJWQtSWK7d0hurbUv6JIiXZeSRVRzdRX8LvZNZYzxI2y9mEqnXZNXLtB6pyy%2FW1dt6CXmYy2vs0x7m%2FF2%2BCg3SfVom5pNCWhqKFQZcKD4MiDgFXMmlJsEbPeZYyOHkAqrGp8osR0o7cZc8DvAHtc8cllrXjizBk42XJplB9ezOLLYOtDHxhJYt2yd6RB4RwLe5vV74tcxACqyDNboXiYTj5XgaiiCliysaf2p71sQ%3D%3D","environmentVariables":{"FIREBASE_CONFIG":"{\"projectId\":\"antioch-seminar\",\"storageBucket\":\"antioch-seminar.firebasestorage.app\"}","GCLOUD_PROJECT":"antioch-seminar","EVENTARC_CLOUD_EVENT_SOURCE":"projects/antioch-seminar/locations/us-central1/functions/api"},"runtime":"nodejs20","buildId":"34137013-a46b-4e1d-8f56-53c7741066f0","buildEnvironmentVariables":{"GOOGLE_NODE_RUN_SCRIPTS":""},"buildName":"projects/489123824617/locations/us-central1/builds/34137013-a46b-4e1d-8f56-53c7741066f0","dockerRegistry":"ARTIFACT_REGISTRY","automaticUpdatePolicy":{},"buildServiceAccount":"projects/antioch-seminar/serviceAccounts/489123824617-compute@developer.gserviceaccount.com"},"versionId":"6","updateTime":"2025-06-28T07:41:40Z","buildId":"3b471f68-d902-45d6-b737-a2428171994f","buildName":"projects/489123824617/locations/us-central1/builds/3b471f68-d902-45d6-b737-a2428171994f"}}
[debug] [2025-06-28T07:42:02.298Z] [update-default-us-central1-api] Retrying task index 0
[debug] [2025-06-28T07:42:02.299Z] Checked if tokens are valid: true, expires at: 1751099144635
[debug] [2025-06-28T07:42:02.299Z] Checked if tokens are valid: true, expires at: 1751099144635
[debug] [2025-06-28T07:42:02.299Z] >>> [apiv2][query] GET https://cloudfunctions.googleapis.com/v1/operations/YW50aW9jaC1zZW1pbmFyL3VzLWNlbnRyYWwxL2FwaS80QS1wQlNaMzNCYw [none]
[debug] [2025-06-28T07:42:03.170Z] <<< [apiv2][status] GET https://cloudfunctions.googleapis.com/v1/operations/YW50aW9jaC1zZW1pbmFyL3VzLWNlbnRyYWwxL2FwaS80QS1wQlNaMzNCYw 200
[debug] [2025-06-28T07:42:03.170Z] <<< [apiv2][body] GET https://cloudfunctions.googleapis.com/v1/operations/YW50aW9jaC1zZW1pbmFyL3VzLWNlbnRyYWwxL2FwaS80QS1wQlNaMzNCYw {"name":"operations/YW50aW9jaC1zZW1pbmFyL3VzLWNlbnRyYWwxL2FwaS80QS1wQlNaMzNCYw","metadata":{"@type":"type.googleapis.com/google.cloud.functions.v1.OperationMetadataV1","target":"projects/antioch-seminar/locations/us-central1/functions/api","type":"UPDATE_FUNCTION","request":{"@type":"type.googleapis.com/google.cloud.functions.v1.CloudFunction","name":"projects/antioch-seminar/locations/us-central1/functions/api","httpsTrigger":{"url":"https://us-central1-antioch-seminar.cloudfunctions.net/api","securityLevel":"SECURE_ALWAYS"},"status":"ACTIVE","entryPoint":"api","timeout":"60s","availableMemoryMb":256,"updateTime":"2025-06-28T07:27:07.974Z","versionId":"5","labels":{"deployment-tool":"cli-firebase","firebase-functions-hash":"1ce288cd8fa6f0ec87b430e3525cb65243889472"},"sourceUploadUrl":"https://storage.googleapis.com/uploads-452184987682.us-central1.cloudfunctions.appspot.com/2d1082d6-8d37-4de0-ad29-274fa51fe5cc.zip?GoogleAccessId=service-489123824617@gcf-admin-robot.iam.gserviceaccount.com&Expires=1751098288&Signature=b2AA3CXEa%2BpDwseNMCfxpIcbLBqSYT%2FJmflKGeH0885AT9M663MD%2FCziqroGtsCSxGzr8NZwJHG%2F7oJMaq0JOP8wHA8DoHsl8cIOYcXUjRWTw%2BJWQtSWK7d0hurbUv6JIiXZeSRVRzdRX8LvZNZYzxI2y9mEqnXZNXLtB6pyy%2FW1dt6CXmYy2vs0x7m%2FF2%2BCg3SfVom5pNCWhqKFQZcKD4MiDgFXMmlJsEbPeZYyOHkAqrGp8osR0o7cZc8DvAHtc8cllrXjizBk42XJplB9ezOLLYOtDHxhJYt2yd6RB4RwLe5vV74tcxACqyDNboXiYTj5XgaiiCliysaf2p71sQ%3D%3D","environmentVariables":{"FIREBASE_CONFIG":"{\"projectId\":\"antioch-seminar\",\"storageBucket\":\"antioch-seminar.firebasestorage.app\"}","GCLOUD_PROJECT":"antioch-seminar","EVENTARC_CLOUD_EVENT_SOURCE":"projects/antioch-seminar/locations/us-central1/functions/api"},"runtime":"nodejs20","buildId":"34137013-a46b-4e1d-8f56-53c7741066f0","buildEnvironmentVariables":{"GOOGLE_NODE_RUN_SCRIPTS":""},"buildName":"projects/489123824617/locations/us-central1/builds/34137013-a46b-4e1d-8f56-53c7741066f0","dockerRegistry":"ARTIFACT_REGISTRY","automaticUpdatePolicy":{},"buildServiceAccount":"projects/antioch-seminar/serviceAccounts/489123824617-compute@developer.gserviceaccount.com"},"versionId":"6","updateTime":"2025-06-28T07:41:40Z","buildId":"3b471f68-d902-45d6-b737-a2428171994f","buildName":"projects/489123824617/locations/us-central1/builds/3b471f68-d902-45d6-b737-a2428171994f"}}
